2022-12-18 23:17:53|   0.0|  0.0|INFORM|Current FME version: FME 2022.1.2.0 (20220831 - Build 22627 - WIN64)
2022-12-18 23:17:53|   0.0|  0.0|INFORM|FME_HOME is 'C:\Program Files\FME\'
2022-12-18 23:17:53|   0.0|  0.0|INFORM|FME Student Edition (node locked-crc)
2022-12-18 23:17:53|   0.0|  0.0|INFORM|Serial Number: GUFMLMZZPVVK8I6WM0OW
2022-12-18 23:17:53|   0.0|  0.0|INFORM|Temporary License: 54 days left.
2022-12-18 23:17:53|   0.0|  0.0|INFORM|Machine host name is: LAPTOP-B83IF2CA
2022-12-18 23:17:53|   0.0|  0.0|INFORM|OS Locale Name     : pl_PL
2022-12-18 23:17:53|   0.0|  0.0|INFORM|OS Locale Encoding : windows-1250
2022-12-18 23:17:53|   0.0|  0.0|INFORM|Process Encoding   : UTF-8
2022-12-18 23:17:53|   0.0|  0.0|INFORM|FME API version: '4.0 20220615'
2022-12-18 23:17:53|   0.0|  0.0|INFORM|FME Configuration: FME_BASE is 'no'
2022-12-18 23:17:53|   0.0|  0.0|INFORM|FME Configuration: FME_MF_DIR is 'C:\Users\zuzan\Desktop\cw8/'
2022-12-18 23:17:53|   0.0|  0.0|INFORM|FME Configuration: FME_MF_NAME is 'zadanie1234.fmw'
2022-12-18 23:17:53|   0.0|  0.0|INFORM|FME Configuration: FME_PRODUCT_NAME is 'FME(R) 2022.1.2.0'
2022-12-18 23:17:53|   0.0|  0.0|INFORM|Operating System: Microsoft Windows 10 64-bit  (Build 19044)
2022-12-18 23:17:53|   0.0|  0.0|INFORM|FME Platform: WIN64
2022-12-18 23:17:53|   0.0|  0.0|INFORM|System Status: 105.92 GB of disk space available in the FME temporary folder (C:\Users\zuzan\AppData\Local\Temp\wbrun_1671397186534_35080\fmetmp_d)
2022-12-18 23:17:53|   0.0|  0.0|INFORM|System Status: 15.81 GB of physical memory available
2022-12-18 23:17:53|   0.0|  0.0|INFORM|System Status: 63.25 GB of virtual memory available
2022-12-18 23:17:53|   0.0|  0.0|INFORM|START - ProcessID: 13820, peak process memory usage: 50880 kB, current process memory usage: 50880 kB
2022-12-18 23:17:53|   0.0|  0.0|INFORM|FME Configuration: Command line arguments are `C:\Program Files\FME\fme.exe' `C:/Users/zuzan/Desktop/cw8\wb-xlate-1671401870559_35080' `LOG_STANDARDOUT' `YES' `LOG_TIMINGS' `YES' `LogCountServerName' `62321' `LOG_STANDARDOUT' `No' `WORKBENCH_LOG_SERVER' `62232'
2022-12-18 23:17:53|   0.0|  0.0|INFORM|FME Configuration: Connection Storage: 'C:\Users\zuzan\AppData\Roaming\Safe Software\FME\'
2022-12-18 23:17:54|   0.2|  0.2|INFORM|Shared folders for formats are : C:\Program Files\FME\datasources;C:\Users\zuzan\Documents\FME\Formats
2022-12-18 23:17:54|   0.2|  0.0|INFORM|Shared folders for transformers are : C:\Users\zuzan\AppData\Roaming\Safe Software\FME\Packages\22627-win64\transformers;C:\Program Files\FME\transformers
2022-12-18 23:17:54|   0.2|  0.0|INFORM|Shared folders for coordinate systems are : C:\Users\zuzan\Documents\FME\CoordinateSystems
2022-12-18 23:17:54|   0.2|  0.0|INFORM|Shared folders for coordinate system exceptions are : C:\Users\zuzan\Documents\FME\CoordinateSystemExceptions
2022-12-18 23:17:54|   0.2|  0.0|INFORM|Shared folders for coordinate system grid overrides are : C:\Users\zuzan\Documents\FME\CoordinateSystemGridOverrides
2022-12-18 23:17:54|   0.2|  0.0|INFORM|Shared folders for CS-MAP transformation exceptions are : C:\Users\zuzan\Documents\FME\CsmapTransformationExceptions
2022-12-18 23:17:54|   0.2|  0.0|INFORM|Shared folders for transformer categories are : C:\Users\zuzan\Documents\FME\TransformerCategories
2022-12-18 23:17:54|   0.2|  0.0|INFORM|FME Configuration: Reader Keyword is `MULTI_READER'
2022-12-18 23:17:54|   0.2|  0.0|INFORM|FME Configuration: Writer Keyword is `NULL_DEST'
2022-12-18 23:17:54|   0.2|  0.0|INFORM|FME Configuration: Writer Group Definition Keyword is `NULL_DEST_DEF'
2022-12-18 23:17:54|   0.2|  0.0|INFORM|FME Configuration: Reader type is `MULTI_READER'
2022-12-18 23:17:54|   0.2|  0.0|INFORM|FME Configuration: Writer type is `NULL'
2022-12-18 23:17:54|   0.2|  0.0|INFORM|FME Configuration: No destination coordinate system set
2022-12-18 23:17:54|   0.2|  0.0|INFORM|FME Configuration: Current working folder is `C:\Users\zuzan\Desktop\cw8'
2022-12-18 23:17:54|   0.2|  0.0|INFORM|FME Configuration: Temporary folder is `C:\Users\zuzan\AppData\Local\Temp\wbrun_1671397186534_35080\fmetmp_d', set from environment variable `FME_TEMP'
2022-12-18 23:17:54|   0.2|  0.0|INFORM|FME Configuration: Cache folder is 'C:\Users\zuzan\AppData\Local\Temp'
2022-12-18 23:17:54|   0.2|  0.0|INFORM|FME Configuration: FME_HOME is `C:\Program Files\FME\'
2022-12-18 23:17:54|   0.2|  0.0|INFORM|FME Configuration: Start freeing memory when the process exceeds 47.44 GB
2022-12-18 23:17:54|   0.2|  0.0|INFORM|FME Configuration: Stop freeing memory when the process is below 35.58 GB
2022-12-18 23:17:54|   0.3|  0.1|INFORM|Creating writer for format: NULL (Nothing)
2022-12-18 23:17:54|   0.3|  0.0|INFORM|Trying to find a DYNAMIC plugin for writer named `NULL'
2022-12-18 23:17:54|   0.3|  0.0|INFORM|Loaded module 'NULL' from file 'C:\Program Files\FME\plugins/NULL.dll'
2022-12-18 23:17:54|   0.3|  0.0|INFORM|FME API version of module 'NULL' matches current internal version (4.0 20220615)
2022-12-18 23:17:54|   0.3|  0.0|INFORM|Creating reader for format: 
2022-12-18 23:17:54|   0.3|  0.0|INFORM|MULTI_READER(MULTI_READER): Will fail with first member reader failure
2022-12-18 23:17:54|   0.3|  0.0|INFORM|Using Multi Reader with keyword `MULTI_READER' to read multiple datasets
2022-12-18 23:17:54|   0.3|  0.0|INFORM|Loaded module 'LogCount_func' from file 'C:\Program Files\FME\plugins/LogCount_func.dll'
2022-12-18 23:17:54|   0.3|  0.0|INFORM|FME API version of module 'LogCount_func' matches current internal version (4.0 20220615)
2022-12-18 23:17:54|   0.4|  0.1|INFORM|Loaded module 'InspectorFactory' from file 'C:\Program Files\FME\plugins/InspectorFactory.dll'
2022-12-18 23:17:54|   0.4|  0.0|INFORM|FME API version of module 'InspectorFactory' matches current internal version (4.0 20220615)
2022-12-18 23:17:54|   0.4|  0.0|INFORM|Emptying factory pipeline
2022-12-18 23:17:54|   0.4|  0.0|STATS |Router and Unexpected Input Remover (RoutingFactory): Tested 0 input feature(s), wrote 0 output feature(s): 0 matched merge filters, 0 were routed to output, 0 could not be routed.
2022-12-18 23:17:54|   0.4|  0.0|STATS |Unwanted Router Input Nuker (TeeFactory): Cloned 0 input feature(s) into 0 output feature(s)
2022-12-18 23:17:54|   0.4|  0.0|STATS |T2019_KAR_POI_TABLE_SHAPEFILE_1 Splitter (TeeFactory): Cloned 0 input feature(s) into 0 output feature(s)
2022-12-18 23:17:54|   0.4|  0.0|STATS |T2019_KAR_STREET_NODE_SHAPEFILE_1 Splitter (TeeFactory): Cloned 0 input feature(s) into 0 output feature(s)
2022-12-18 23:17:54|   0.4|  0.0|STATS |T2019_KAR_STREETS_SHAPEFILE_1 Splitter (TeeFactory): Cloned 0 input feature(s) into 0 output feature(s)
2022-12-18 23:17:54|   0.4|  0.0|STATS |CSV_CSV2_2 Splitter (TeeFactory): Cloned 0 input feature(s) into 0 output feature(s)
2022-12-18 23:17:54|   0.4|  0.0|STATS |Restoring 1 feature(s) from FME feature store file `C:\Users\zuzan\AppData\Local\Temp\wb-cache-zadanie1234-ZpNaAe\Main_Reprojector_2 -1 28 fo 0 REPROJECTED  0  afd3234724a0f9e06ba10faa9ef8dc1d1b194315.ffs'
2022-12-18 23:17:54|   0.4|  0.0|STATS |Storing feature(s) to FME feature store file `C:\Users\zuzan\AppData\Local\Temp\wb-inspectors-DfzAmv\inspector.ffs'
2022-12-18 23:17:54|   0.6|  0.2|STATS |Restoring 2 feature(s) from FME feature store file `C:\Users\zuzan\AppData\Local\Temp\wb-cache-zadanie1234-ZpNaAe\Main_CSV -1 43 -1  0  336332d2d6b55738a44afff45caab7702cfe5628.ffs'
2022-12-18 23:17:54|   0.6|  0.0|STATS |Restoring 1 feature(s) from FME feature store file `C:\Users\zuzan\AppData\Local\Temp\wb-cache-zadanie1234-ZpNaAe\Main_T2019_KAR_STREETS -1 4 -1  0  f702dc95fcc9482adcaee512cf8835556b4184fe.ffs'
2022-12-18 23:17:54|   0.6|  0.0|INFORM|FFS writer: Writing 22070 feature(s) to file 'C:\Users\zuzan\AppData\Local\Temp\wb-inspectors-DfzAmv\inspector.fts'
2022-12-18 23:17:54|   0.7|  0.1|INFORM|Spatial Index: Adding 22070 features
2022-12-18 23:17:54|   0.8|  0.1|STATS |Restoring 1 feature(s) from FME feature store file `C:\Users\zuzan\AppData\Local\Temp\wb-cache-zadanie1234-ZpNaAe\Main_ShortestPathFinder -1 23 fo 0 PATH  1  2d41aa16f01ecc6510402319ae8e3c6e7df87eee.ffs'
2022-12-18 23:17:54|   0.8|  0.0|STATS |Restoring 1 feature(s) from FME feature store file `C:\Users\zuzan\AppData\Local\Temp\wb-cache-zadanie1234-ZpNaAe\Main_Reprojector -1 18 fo 0 REPROJECTED  0  f465bdb53f06fbef7ae669950fa4d3bea3974a77.ffs'
2022-12-18 23:17:54|   0.8|  0.0|INFORM|FFS writer: Writing 22070 feature(s) to file 'C:\Users\zuzan\AppData\Local\Temp\wb-inspectors-DfzAmv\inspector_1.fts'
2022-12-18 23:17:55|   1.0|  0.2|INFORM|Spatial Index: Adding 22070 features
2022-12-18 23:17:55|   1.1|  0.1|STATS |Restoring 1 feature(s) from FME feature store file `C:\Users\zuzan\AppData\Local\Temp\wb-cache-zadanie1234-ZpNaAe\Main_T2019_KAR_STREET_NODE -1 3 -1  0  737cbce018e162dcb5f1b69c7ab0c78d207087db.ffs'
2022-12-18 23:17:55|   1.1|  0.0|INFORM|FFS writer: Writing 66404 feature(s) to file 'C:\Users\zuzan\AppData\Local\Temp\wb-inspectors-DfzAmv\inspector_2.fts'
2022-12-18 23:17:55|   1.4|  0.3|INFORM|Spatial Index: Adding 66404 features
2022-12-18 23:17:55|   1.7|  0.3|STATS |Restoring 1 feature(s) from FME feature store file `C:\Users\zuzan\AppData\Local\Temp\wb-cache-zadanie1234-ZpNaAe\Main_Reprojector_4 -1 30 fo 0 REPROJECTED  0  af775a046a660bdad930a9689a64b33fdb9eb0fb.ffs'
2022-12-18 23:17:55|   1.7|  0.0|INFORM|FFS writer: Writing 66404 feature(s) to file 'C:\Users\zuzan\AppData\Local\Temp\wb-inspectors-DfzAmv\inspector_3.fts'
2022-12-18 23:17:56|   2.0|  0.3|INFORM|Spatial Index: Adding 66404 features
2022-12-18 23:17:56|   2.3|  0.3|STATS |Restoring 1 feature(s) from FME feature store file `C:\Users\zuzan\AppData\Local\Temp\wb-cache-zadanie1234-ZpNaAe\Main_T2019_KAR_POI_TABLE -1 2 -1  0  562f9cab4b44ea9601567dc00782e77cde6e88dc.ffs'
2022-12-18 23:17:56|   2.4|  0.1|INFORM|FFS writer: Writing 3622 feature(s) to file 'C:\Users\zuzan\AppData\Local\Temp\wb-inspectors-DfzAmv\inspector_4.fts'
2022-12-18 23:17:56|   2.4|  0.0|INFORM|Spatial Index: Adding 3622 features
2022-12-18 23:17:56|   2.4|  0.0|STATS |Restoring 1 feature(s) from FME feature store file `C:\Users\zuzan\AppData\Local\Temp\wb-cache-zadanie1234-ZpNaAe\Main_Reprojector_3 -1 29 fo 0 REPROJECTED  0  29dfb91af2abea900a1dc1b37c5efdf22563dd03.ffs'
2022-12-18 23:17:56|   2.4|  0.0|INFORM|FFS writer: Writing 3622 feature(s) to file 'C:\Users\zuzan\AppData\Local\Temp\wb-inspectors-DfzAmv\inspector_5.fts'
2022-12-18 23:17:56|   2.4|  0.0|INFORM|Spatial Index: Adding 3622 features
2022-12-18 23:17:56|   2.4|  0.0|STATS |Stored 10 feature(s) to FME feature store file `C:\Users\zuzan\AppData\Local\Temp\wb-inspectors-DfzAmv\inspector.ffs'
2022-12-18 23:17:56|   2.4|  0.0|INFORM|Saving spatial index into file 'C:\Users\zuzan\AppData\Local\Temp\wb-inspectors-DfzAmv\inspector.fsi'
2022-12-18 23:17:56|   2.7|  0.3|INFORM|Finished saving spatial index into file 'C:\Users\zuzan\AppData\Local\Temp\wb-inspectors-DfzAmv\inspector.fsi'
2022-12-18 23:17:56|   2.7|  0.0|STATS |Destination Feature Type Routing Correlator (RoutingFactory): Tested 0 input feature(s), wrote 0 output feature(s): 0 matched merge filters, 0 were routed to output, 0 could not be routed.
2022-12-18 23:17:56|   2.7|  0.0|STATS |Final Output Nuker (TeeFactory): Cloned 0 input feature(s) into 0 output feature(s)
2022-12-18 23:17:56|   2.7|  0.0|STATS |VisualizerProcessor (CreationFactory): Created 1 features
2022-12-18 23:17:56|   2.7|  0.0|STATS |VisualizerCleaner (TeeFactory): Cloned 1 input feature(s) into 0 output feature(s)
2022-12-18 23:17:56|   2.7|  0.0|STATS |=-=-=-=-=-=-=-=-=-=-=-=-=-=-=-=-=-=-=-=-=-=-=-=-=-=-=-=-=-=-=-=-=-=-=-=-=-=-=-
2022-12-18 23:17:56|   2.7|  0.0|STATS |                            Features Read Summary
2022-12-18 23:17:56|   2.7|  0.0|STATS |=-=-=-=-=-=-=-=-=-=-=-=-=-=-=-=-=-=-=-=-=-=-=-=-=-=-=-=-=-=-=-=-=-=-=-=-=-=-=-
2022-12-18 23:17:56|   2.7|  0.0|STATS |==============================================================================
2022-12-18 23:17:56|   2.7|  0.0|STATS |Total Features Read                                                          0
2022-12-18 23:17:56|   2.7|  0.0|STATS |=-=-=-=-=-=-=-=-=-=-=-=-=-=-=-=-=-=-=-=-=-=-=-=-=-=-=-=-=-=-=-=-=-=-=-=-=-=-=-
2022-12-18 23:17:56|   2.7|  0.0|STATS |=-=-=-=-=-=-=-=-=-=-=-=-=-=-=-=-=-=-=-=-=-=-=-=-=-=-=-=-=-=-=-=-=-=-=-=-=-=-=-
2022-12-18 23:17:56|   2.7|  0.0|STATS |                           Features Written Summary
2022-12-18 23:17:56|   2.7|  0.0|STATS |=-=-=-=-=-=-=-=-=-=-=-=-=-=-=-=-=-=-=-=-=-=-=-=-=-=-=-=-=-=-=-=-=-=-=-=-=-=-=-
2022-12-18 23:17:56|   2.7|  0.0|STATS |==============================================================================
2022-12-18 23:17:56|   2.7|  0.0|STATS |Total Features Written                                                       0
2022-12-18 23:17:56|   2.7|  0.0|STATS |=-=-=-=-=-=-=-=-=-=-=-=-=-=-=-=-=-=-=-=-=-=-=-=-=-=-=-=-=-=-=-=-=-=-=-=-=-=-=-
2022-12-18 23:17:56|   2.7|  0.0|WARN  |-~-~-~-~-~-~-~-~-~-~-~-~-~-~-~-~-~-~-~-~-~-~-~-~-~-~-~-~-~-~-~-~-~-~-~-~-~-~-~-~-
2022-12-18 23:17:56|   2.7|  0.0|WARN  |-~                                                                             ~-
2022-12-18 23:17:56|   2.7|  0.0|WARN  |-~    Feature caches have been recorded at every stage of the translation.     ~-
2022-12-18 23:17:56|   2.7|  0.0|WARN  |-~                      To inspect the recorded features,                      ~-
2022-12-18 23:17:56|   2.7|  0.0|WARN  |-~              click the feature cache icons next to the ports.               ~-
2022-12-18 23:17:56|   2.7|  0.0|WARN  |-~                                                                             ~-
2022-12-18 23:17:56|   2.7|  0.0|WARN  |-~-~-~-~-~-~-~-~-~-~-~-~-~-~-~-~-~-~-~-~-~-~-~-~-~-~-~-~-~-~-~-~-~-~-~-~-~-~-~-~-
2022-12-18 23:17:56|   2.7|  0.0|INFORM|Translation was SUCCESSFUL with 7 warning(s) (0 feature(s) output)
2022-12-18 23:17:56|   2.7|  0.0|INFORM|FME Session Duration: 3 seconds. (CPU: 1.9s user, 0.8s system)
2022-12-18 23:17:56|   2.7|  0.0|INFORM|END - ProcessID: 13820, peak process memory usage: 78752 kB, current process memory usage: 62564 kB
